<?xml version="1.0" encoding="UTF-8"?>
<testsuite xmlns:xsi="http://www.w3.org/2001/XMLSchema-instance" xsi:noNamespaceSchemaLocation="https://maven.apache.org/surefire/maven-surefire-plugin/xsd/surefire-test-report.xsd" name="com.rts.JenkinsDemo.TestWorkLog" time="0.001" tests="4" errors="0" skipped="0" failures="4">
  <properties>
    <property name="sun.desktop" value="windows"/>
    <property name="awt.toolkit" value="sun.awt.windows.WToolkit"/>
    <property name="java.specification.version" value="11"/>
    <property name="sun.cpu.isalist" value="amd64"/>
    <property name="sun.jnu.encoding" value="Cp1252"/>
    <property name="java.class.path" value="D:\Spring suite\JenkinsDemo\target\test-classes;D:\Spring suite\JenkinsDemo\target\classes;C:\Users\sherin.david\.m2\repository\junit\junit\4.11\junit-4.11.jar;C:\Users\sherin.david\.m2\repository\org\hamcrest\hamcrest-core\1.3\hamcrest-core-1.3.jar;"/>
    <property name="java.vm.vendor" value="Oracle Corporation"/>
    <property name="sun.arch.data.model" value="64"/>
    <property name="user.variant" value=""/>
    <property name="java.vendor.url" value="https://openjdk.java.net/"/>
    <property name="user.timezone" value="Asia/Calcutta"/>
    <property name="java.vm.specification.version" value="11"/>
    <property name="os.name" value="Windows 10"/>
    <property name="sun.java.launcher" value="SUN_STANDARD"/>
    <property name="user.country" value="IN"/>
    <property name="sun.boot.library.path" value="C:\Program Files\Java\jdk-11.0.13\bin"/>
    <property name="sun.java.command" value="C:\Users\SHERIN~1.DAV\AppData\Local\Temp\surefire264321785282967373\surefirebooter10424526543278007908.jar C:\Users\sherin.david\AppData\Local\Temp\surefire264321785282967373 2024-04-30T10-04-13_567-jvmRun1 surefire17850371722226533262tmp surefire_013910824743636547tmp"/>
    <property name="jdk.debug" value="release"/>
    <property name="surefire.test.class.path" value="D:\Spring suite\JenkinsDemo\target\test-classes;D:\Spring suite\JenkinsDemo\target\classes;C:\Users\sherin.david\.m2\repository\junit\junit\4.11\junit-4.11.jar;C:\Users\sherin.david\.m2\repository\org\hamcrest\hamcrest-core\1.3\hamcrest-core-1.3.jar;"/>
    <property name="sun.cpu.endian" value="little"/>
    <property name="user.home" value="C:\Users\sherin.david"/>
    <property name="user.language" value="en"/>
    <property name="java.specification.vendor" value="Oracle Corporation"/>
    <property name="java.version.date" value="2021-10-19"/>
    <property name="java.home" value="C:\Program Files\Java\jdk-11.0.13"/>
    <property name="file.separator" value="\"/>
    <property name="style.color" value="always"/>
    <property name="basedir" value="D:\Spring suite\JenkinsDemo"/>
    <property name="java.vm.compressedOopsMode" value="Zero based"/>
    <property name="line.separator" value="&#10;"/>
    <property name="java.specification.name" value="Java Platform API Specification"/>
    <property name="java.vm.specification.vendor" value="Oracle Corporation"/>
    <property name="java.awt.graphicsenv" value="sun.awt.Win32GraphicsEnvironment"/>
    <property name="surefire.real.class.path" value="C:\Users\SHERIN~1.DAV\AppData\Local\Temp\surefire264321785282967373\surefirebooter10424526543278007908.jar"/>
    <property name="user.script" value=""/>
    <property name="sun.management.compiler" value="HotSpot 64-Bit Tiered Compilers"/>
    <property name="java.runtime.version" value="11.0.13+10-LTS-370"/>
    <property name="user.name" value="sherin.david"/>
    <property name="path.separator" value=";"/>
    <property name="os.version" value="10.0"/>
    <property name="java.runtime.name" value="Java(TM) SE Runtime Environment"/>
    <property name="file.encoding" value="Cp1252"/>
    <property name="java.vm.name" value="Java HotSpot(TM) 64-Bit Server VM"/>
    <property name="java.vendor.version" value="18.9"/>
    <property name="localRepository" value="C:\Users\sherin.david\.m2\repository"/>
    <property name="java.vendor.url.bug" value="https://bugreport.java.com/bugreport/"/>
    <property name="java.io.tmpdir" value="C:\Users\SHERIN~1.DAV\AppData\Local\Temp\"/>
    <property name="java.version" value="11.0.13"/>
    <property name="user.dir" value="D:\Spring suite\JenkinsDemo"/>
    <property name="os.arch" value="amd64"/>
    <property name="java.vm.specification.name" value="Java Virtual Machine Specification"/>
    <property name="java.awt.printerjob" value="sun.awt.windows.WPrinterJob"/>
    <property name="sun.os.patch.level" value=""/>
    <property name="java.library.path" value="C:\Program Files\Java\jdk-11.0.13\bin;C:\Windows\Sun\Java\bin;C:\Windows\system32;C:\Windows;D:/sts-4.21.1.RELEASE//plugins/org.eclipse.justj.openjdk.hotspot.jre.full.win32.x86_64_17.0.10.v20240120-1143/jre/bin/server;D:/sts-4.21.1.RELEASE//plugins/org.eclipse.justj.openjdk.hotspot.jre.full.win32.x86_64_17.0.10.v20240120-1143/jre/bin;C:\Program Files\Common Files\Oracle\Java\javapath;C:\Windows\system32;C:\Windows;C:\Windows\System32\Wbem;C:\Windows\System32\WindowsPowerShell\v1.0\;C:\Windows\System32\OpenSSH\;C:\Program Files\nodejs\;C:\Program Files\Microsoft VS Code\bin;C:\Program Files\Docker\Docker\resources\bin;D:\apache-maven-3.9.6\bin;C:\Users\sherin.david\AppData\Local\Microsoft\WindowsApps;C:\Users\sherin.david\AppData\Local\Programs\Git\cmd;D:\sts-4.21.1.RELEASE;;."/>
    <property name="java.vendor" value="Oracle Corporation"/>
    <property name="java.vm.info" value="mixed mode"/>
    <property name="java.vm.version" value="11.0.13+10-LTS-370"/>
    <property name="sun.io.unicode.encoding" value="UnicodeLittle"/>
    <property name="java.class.version" value="55.0"/>
  </properties>
  <testcase name="testAddLog1" classname="com.rts.JenkinsDemo.TestWorkLog" time="0.001">
    <failure message="expected:&lt;Added[] Log for Dhanya&gt; but was:&lt;Added[d] Log for Dhanya&gt;" type="org.junit.ComparisonFailure"><![CDATA[org.junit.ComparisonFailure: expected:<Added[] Log for Dhanya> but was:<Added[d] Log for Dhanya>
	at com.rts.JenkinsDemo.TestWorkLog.testAddLog1(TestWorkLog.java:13)
]]></failure>
  </testcase>
  <testcase name="testAddLog2" classname="com.rts.JenkinsDemo.TestWorkLog" time="0">
    <failure message="expected:&lt;Added[] Log for Sherin&gt; but was:&lt;Added[d] Log for Sherin&gt;" type="org.junit.ComparisonFailure"><![CDATA[org.junit.ComparisonFailure: expected:<Added[] Log for Sherin> but was:<Added[d] Log for Sherin>
	at com.rts.JenkinsDemo.TestWorkLog.testAddLog2(TestWorkLog.java:18)
]]></failure>
  </testcase>
  <testcase name="testAddLogins1" classname="com.rts.JenkinsDemo.TestWorkLog" time="0">
    <failure message="expected:&lt;Added[] Login Log for Dhanu&gt; but was:&lt;Added[d] Login Log for Dhanu&gt;" type="org.junit.ComparisonFailure"><![CDATA[org.junit.ComparisonFailure: expected:<Added[] Login Log for Dhanu> but was:<Added[d] Login Log for Dhanu>
	at com.rts.JenkinsDemo.TestWorkLog.testAddLogins1(TestWorkLog.java:22)
]]></failure>
  </testcase>
  <testcase name="testAddLogins2" classname="com.rts.JenkinsDemo.TestWorkLog" time="0">
    <failure message="expected:&lt;Added[] Login Log for Ammu&gt; but was:&lt;Added[d] Login Log for Ammu&gt;" type="org.junit.ComparisonFailure"><![CDATA[org.junit.ComparisonFailure: expected:<Added[] Login Log for Ammu> but was:<Added[d] Login Log for Ammu>
	at com.rts.JenkinsDemo.TestWorkLog.testAddLogins2(TestWorkLog.java:26)
]]></failure>
  </testcase>
</testsuite>