<?xml version="1.0" encoding="UTF-8"?>
<testsuite xmlns:xsi="http://www.w3.org/2001/XMLSchema-instance" xsi:noNamespaceSchemaLocation="https://maven.apache.org/surefire/maven-surefire-plugin/xsd/surefire-test-report.xsd" name="com.rts.JenkinsDemo.TestWorkLog" time="0.001" tests="4" errors="0" skipped="0" failures="4">
  <properties>
[...]
</properties>
  <testcase name="testAddLog1" classname="com.rts.JenkinsDemo.TestWorkLog" time="0.001">
    <failure message="expected:&lt;Added[] Log for Dhanya&gt; but was:&lt;Added[d] Log for Dhanya&gt;" type="org.junit.ComparisonFailure"><![CDATA[org.junit.ComparisonFailure: expected:<Added[] Log for Dhanya> but was:<Added[d] Log for Dhanya>
	at com.rts.JenkinsDemo.TestWorkLog.testAddLog1(TestWorkLog.java:13)
]]></failure>
  </testcase>
  <testcase name="testAddLog2" classname="com.rts.JenkinsDemo.TestWorkLog" time="0">
    <failure message="expected:&lt;Added[] Log for Sherin&gt; but was:&lt;Added[d] Log for Sherin&gt;" type="org.junit.ComparisonFailure"><![CDATA[org.junit.ComparisonFailure: expected:<Added[] Log for Sherin> but was:<Added[d] Log for Sherin>
	at com.rts.JenkinsDemo.TestWorkLog.testAddLog2(TestWorkLog.java:18)
]]></failure>
  </testcase>
  <testcase name="testAddLogins1" classname="com.rts.JenkinsDemo.TestWorkLog" time="0">
    <failure message="expected:&lt;Added[] Login Log for Dhanu&gt; but was:&lt;Added[d] Login Log for Dhanu&gt;" type="org.junit.ComparisonFailure"><![CDATA[org.junit.ComparisonFailure: expected:<Added[] Login Log for Dhanu> but was:<Added[d] Login Log for Dhanu>
	at com.rts.JenkinsDemo.TestWorkLog.testAddLogins1(TestWorkLog.java:22)
]]></failure>
  </testcase>
  <testcase name="testAddLogins2" classname="com.rts.JenkinsDemo.TestWorkLog" time="0">
    <failure message="expected:&lt;Added[] Login Log for Ammu&gt; but was:&lt;Added[d] Login Log for Ammu&gt;" type="org.junit.ComparisonFailure"><![CDATA[org.junit.ComparisonFailure: expected:<Added[] Login Log for Ammu> but was:<Added[d] Login Log for Ammu>
	at com.rts.JenkinsDemo.TestWorkLog.testAddLogins2(TestWorkLog.java:26)
]]></failure>
  </testcase>
</testsuite>